This file contains any messages produced by compilers while
running configure, to aid debugging if configure makes a mistake.

It was created by HTSlib configure 1.9, which was
generated by GNU Autoconf 2.69.  Invocation command line was

  $ ./configure --enable-s3 --disable-bz2 --disable-lzma

## --------- ##
## Platform. ##
## --------- ##

hostname = ip-172-31-57-226
uname -m = x86_64
uname -r = 4.15.0-1023-aws
uname -s = Linux
uname -v = #23-Ubuntu SMP Mon Sep 24 16:31:06 UTC 2018

/usr/bin/uname -p = unknown
/bin/uname -X     = unknown

/bin/arch              = unknown
/usr/bin/arch -k       = unknown
/usr/convex/getsysinfo = unknown
/usr/bin/hostinfo      = unknown
/bin/machine           = unknown
/usr/bin/oslevel       = unknown
/bin/universe          = unknown

PATH: /home/splichte/anaconda/bin
PATH: /usr/local/bin
PATH: /usr/bin
PATH: /bin
PATH: /usr/local/games
PATH: /usr/games
PATH: /snap/bin


## ----------- ##
## Core tests. ##
## ----------- ##

configure:2184: checking for gcc
configure:2200: found /usr/bin/gcc
configure:2211: result: gcc
configure:2440: checking for C compiler version
configure:2449: gcc --version >&5
gcc (Ubuntu 7.3.0-27ubuntu1~18.04) 7.3.0
Copyright (C) 2017 Free Software Foundation, Inc.
This is free software; see the source for copying conditions.  There is NO
warranty; not even for MERCHANTABILITY or FITNESS FOR A PARTICULAR PURPOSE.

configure:2460: $? = 0
configure:2449: gcc -v >&5
Using built-in specs.
COLLECT_GCC=gcc
COLLECT_LTO_WRAPPER=/usr/lib/gcc/x86_64-linux-gnu/7/lto-wrapper
OFFLOAD_TARGET_NAMES=nvptx-none
OFFLOAD_TARGET_DEFAULT=1
Target: x86_64-linux-gnu
Configured with: ../src/configure -v --with-pkgversion='Ubuntu 7.3.0-27ubuntu1~18.04' --with-bugurl=file:///usr/share/doc/gcc-7/README.Bugs --enable-languages=c,ada,c++,go,brig,d,fortran,objc,obj-c++ --prefix=/usr --with-gcc-major-version-only --program-suffix=-7 --program-prefix=x86_64-linux-gnu- --enable-shared --enable-linker-build-id --libexecdir=/usr/lib --without-included-gettext --enable-threads=posix --libdir=/usr/lib --enable-nls --with-sysroot=/ --enable-clocale=gnu --enable-libstdcxx-debug --enable-libstdcxx-time=yes --with-default-libstdcxx-abi=new --enable-gnu-unique-object --disable-vtable-verify --enable-libmpx --enable-plugin --enable-default-pie --with-system-zlib --with-target-system-zlib --enable-objc-gc=auto --enable-multiarch --disable-werror --with-arch-32=i686 --with-abi=m64 --with-multilib-list=m32,m64,mx32 --enable-multilib --with-tune=generic --enable-offload-targets=nvptx-none --without-cuda-driver --enable-checking=release --build=x86_64-linux-gnu --host=x86_64-linux-gnu --target=x86_64-linux-gnu
Thread model: posix
gcc version 7.3.0 (Ubuntu 7.3.0-27ubuntu1~18.04) 
configure:2460: $? = 0
configure:2449: gcc -V >&5
gcc: error: unrecognized command line option '-V'
gcc: fatal error: no input files
compilation terminated.
configure:2460: $? = 1
configure:2449: gcc -qversion >&5
gcc: error: unrecognized command line option '-qversion'; did you mean '--version'?
gcc: fatal error: no input files
compilation terminated.
configure:2460: $? = 1
configure:2480: checking whether the C compiler works
configure:2502: gcc    conftest.c  >&5
configure:2506: $? = 0
configure:2554: result: yes
configure:2557: checking for C compiler default output file name
configure:2559: result: a.out
configure:2565: checking for suffix of executables
configure:2572: gcc -o conftest    conftest.c  >&5
configure:2576: $? = 0
configure:2598: result: 
configure:2620: checking whether we are cross compiling
configure:2628: gcc -o conftest    conftest.c  >&5
configure:2632: $? = 0
configure:2639: ./conftest
configure:2643: $? = 0
configure:2658: result: no
configure:2663: checking for suffix of object files
configure:2685: gcc -c   conftest.c >&5
configure:2689: $? = 0
configure:2710: result: o
configure:2714: checking whether we are using the GNU C compiler
configure:2733: gcc -c   conftest.c >&5
configure:2733: $? = 0
configure:2742: result: yes
configure:2751: checking whether gcc accepts -g
configure:2771: gcc -c -g  conftest.c >&5
configure:2771: $? = 0
configure:2812: result: yes
configure:2829: checking for gcc option to accept ISO C89
configure:2892: gcc  -c -g -O2  conftest.c >&5
configure:2892: $? = 0
configure:2905: result: none needed
configure:2968: checking for ranlib
configure:2984: found /usr/bin/ranlib
configure:2995: result: ranlib
configure:3018: checking for grep that handles long lines and -e
configure:3076: result: /bin/grep
configure:3101: checking for C compiler warning flags
configure:3214: result: -Wall
configure:3331: checking for special C compiler options needed for large files
configure:3376: result: no
configure:3382: checking for _FILE_OFFSET_BITS value needed for large files
configure:3407: gcc -c  -Wall -g -O2  conftest.c >&5
configure:3407: $? = 0
configure:3439: result: no
configure:3524: checking for _LARGEFILE_SOURCE value needed for large files
configure:3543: gcc -o conftest  -Wall -g -O2   conftest.c  >&5
configure:3543: $? = 0
configure:3571: result: no
configure:3673: checking shared library type for unknown-Linux
configure:3701: result: plain .so
configure:3710: checking how to run the C preprocessor
configure:3741: gcc -E  conftest.c
configure:3741: $? = 0
configure:3755: gcc -E  conftest.c
conftest.c:10:10: fatal error: ac_nonexistent.h: No such file or directory
 #include <ac_nonexistent.h>
          ^~~~~~~~~~~~~~~~~~
compilation terminated.
configure:3755: $? = 1
configure: failed program was:
| /* confdefs.h */
| #define PACKAGE_NAME "HTSlib"
| #define PACKAGE_TARNAME "htslib"
| #define PACKAGE_VERSION "1.9"
| #define PACKAGE_STRING "HTSlib 1.9"
| #define PACKAGE_BUGREPORT "samtools-help@lists.sourceforge.net"
| #define PACKAGE_URL "http://www.htslib.org/"
| #define HAVE_FSEEKO 1
| /* end confdefs.h.  */
| #include <ac_nonexistent.h>
configure:3780: result: gcc -E
configure:3800: gcc -E  conftest.c
configure:3800: $? = 0
configure:3814: gcc -E  conftest.c
conftest.c:10:10: fatal error: ac_nonexistent.h: No such file or directory
 #include <ac_nonexistent.h>
          ^~~~~~~~~~~~~~~~~~
compilation terminated.
configure:3814: $? = 1
configure: failed program was:
| /* confdefs.h */
| #define PACKAGE_NAME "HTSlib"
| #define PACKAGE_TARNAME "htslib"
| #define PACKAGE_VERSION "1.9"
| #define PACKAGE_STRING "HTSlib 1.9"
| #define PACKAGE_BUGREPORT "samtools-help@lists.sourceforge.net"
| #define PACKAGE_URL "http://www.htslib.org/"
| #define HAVE_FSEEKO 1
| /* end confdefs.h.  */
| #include <ac_nonexistent.h>
configure:3843: checking for egrep
configure:3905: result: /bin/grep -E
configure:3910: checking for ANSI C header files
configure:3930: gcc -c  -Wall -g -O2  conftest.c >&5
configure:3930: $? = 0
configure:4003: gcc -o conftest  -Wall -g -O2   conftest.c  >&5
configure:4003: $? = 0
configure:4003: ./conftest
configure:4003: $? = 0
configure:4014: result: yes
configure:4027: checking for sys/types.h
configure:4027: gcc -c  -Wall -g -O2  conftest.c >&5
configure:4027: $? = 0
configure:4027: result: yes
configure:4027: checking for sys/stat.h
configure:4027: gcc -c  -Wall -g -O2  conftest.c >&5
configure:4027: $? = 0
configure:4027: result: yes
configure:4027: checking for stdlib.h
configure:4027: gcc -c  -Wall -g -O2  conftest.c >&5
configure:4027: $? = 0
configure:4027: result: yes
configure:4027: checking for string.h
configure:4027: gcc -c  -Wall -g -O2  conftest.c >&5
configure:4027: $? = 0
configure:4027: result: yes
configure:4027: checking for memory.h
configure:4027: gcc -c  -Wall -g -O2  conftest.c >&5
configure:4027: $? = 0
configure:4027: result: yes
configure:4027: checking for strings.h
configure:4027: gcc -c  -Wall -g -O2  conftest.c >&5
configure:4027: $? = 0
configure:4027: result: yes
configure:4027: checking for inttypes.h
configure:4027: gcc -c  -Wall -g -O2  conftest.c >&5
configure:4027: $? = 0
configure:4027: result: yes
configure:4027: checking for stdint.h
configure:4027: gcc -c  -Wall -g -O2  conftest.c >&5
configure:4027: $? = 0
configure:4027: result: yes
configure:4027: checking for unistd.h
configure:4027: gcc -c  -Wall -g -O2  conftest.c >&5
configure:4027: $? = 0
configure:4027: result: yes
configure:4045: checking for stdlib.h
configure:4045: result: yes
configure:4045: checking for unistd.h
configure:4045: result: yes
configure:4045: checking for sys/param.h
configure:4045: gcc -c  -Wall -g -O2  conftest.c >&5
configure:4045: $? = 0
configure:4045: result: yes
configure:4065: checking for getpagesize
configure:4065: gcc -o conftest  -Wall -g -O2   conftest.c  >&5
configure:4065: $? = 0
configure:4065: result: yes
configure:4074: checking for working mmap
configure:4223: gcc -o conftest  -Wall -g -O2   conftest.c  >&5
configure:4223: $? = 0
configure:4223: ./conftest
configure:4223: $? = 0
configure:4233: result: yes
configure:4245: checking for gmtime_r
configure:4245: gcc -o conftest  -Wall -g -O2   conftest.c  >&5
configure:4245: $? = 0
configure:4245: result: yes
configure:4245: checking for fsync
configure:4245: gcc -o conftest  -Wall -g -O2   conftest.c  >&5
configure:4245: $? = 0
configure:4245: result: yes
configure:4245: checking for drand48
configure:4245: gcc -o conftest  -Wall -g -O2   conftest.c  >&5
configure:4245: $? = 0
configure:4245: result: yes
configure:4257: checking whether fdatasync is declared
configure:4257: gcc -c  -Wall -g -O2  conftest.c >&5
configure:4257: $? = 0
configure:4257: result: yes
configure:4261: checking for fdatasync
configure:4261: gcc -o conftest  -Wall -g -O2   conftest.c  >&5
configure:4261: $? = 0
configure:4261: result: yes
configure:4357: checking for library containing log
configure:4388: gcc -o conftest  -Wall -g -O2   conftest.c  >&5
conftest.c:36:6: warning: conflicting types for built-in function 'log' [-Wbuiltin-declaration-mismatch]
 char log ();
      ^~~
/tmp/ccShU8sw.o: In function `main':
/home/splichte/cyvcf2/htslib/conftest.c:40: undefined reference to `log'
collect2: error: ld returned 1 exit status
configure:4388: $? = 1
configure: failed program was:
| /* confdefs.h */
| #define PACKAGE_NAME "HTSlib"
| #define PACKAGE_TARNAME "htslib"
| #define PACKAGE_VERSION "1.9"
| #define PACKAGE_STRING "HTSlib 1.9"
| #define PACKAGE_BUGREPORT "samtools-help@lists.sourceforge.net"
| #define PACKAGE_URL "http://www.htslib.org/"
| #define HAVE_FSEEKO 1
| #define STDC_HEADERS 1
| #define HAVE_SYS_TYPES_H 1
| #define HAVE_SYS_STAT_H 1
| #define HAVE_STDLIB_H 1
| #define HAVE_STRING_H 1
| #define HAVE_MEMORY_H 1
| #define HAVE_STRINGS_H 1
| #define HAVE_INTTYPES_H 1
| #define HAVE_STDINT_H 1
| #define HAVE_UNISTD_H 1
| #define HAVE_STDLIB_H 1
| #define HAVE_UNISTD_H 1
| #define HAVE_SYS_PARAM_H 1
| #define HAVE_GETPAGESIZE 1
| #define HAVE_MMAP 1
| #define HAVE_GMTIME_R 1
| #define HAVE_FSYNC 1
| #define HAVE_DRAND48 1
| #define HAVE_FDATASYNC 1
| /* end confdefs.h.  */
| 
| /* Override any GCC internal prototype to avoid an error.
|    Use char because int might match the return type of a GCC
|    builtin and then its argument prototype would still apply.  */
| #ifdef __cplusplus
| extern "C"
| #endif
| char log ();
| int
| main ()
| {
| return log ();
|   ;
|   return 0;
| }
configure:4388: gcc -o conftest  -Wall -g -O2   conftest.c -lm   >&5
conftest.c:36:6: warning: conflicting types for built-in function 'log' [-Wbuiltin-declaration-mismatch]
 char log ();
      ^~~
configure:4388: $? = 0
configure:4405: result: -lm
configure:4425: checking for zlib.h
configure:4425: gcc -c  -Wall -g -O2  conftest.c >&5
configure:4425: $? = 0
configure:4425: result: yes
configure:4434: checking for inflate in -lz
configure:4459: gcc -o conftest  -Wall -g -O2   conftest.c -lz  -lm  >&5
configure:4459: $? = 0
configure:4468: result: yes
configure:4499: checking for library containing recv
configure:4530: gcc -o conftest  -Wall -g -O2   conftest.c -lz -lm  >&5
configure:4530: $? = 0
configure:4547: result: none required
configure:4741: checking for libdeflate.h
configure:4741: gcc -c  -Wall -g -O2  conftest.c >&5
conftest.c:32:10: fatal error: libdeflate.h: No such file or directory
 #include <libdeflate.h>
          ^~~~~~~~~~~~~~
compilation terminated.
configure:4741: $? = 1
configure: failed program was:
| /* confdefs.h */
| #define PACKAGE_NAME "HTSlib"
| #define PACKAGE_TARNAME "htslib"
| #define PACKAGE_VERSION "1.9"
| #define PACKAGE_STRING "HTSlib 1.9"
| #define PACKAGE_BUGREPORT "samtools-help@lists.sourceforge.net"
| #define PACKAGE_URL "http://www.htslib.org/"
| #define HAVE_FSEEKO 1
| #define STDC_HEADERS 1
| #define HAVE_SYS_TYPES_H 1
| #define HAVE_SYS_STAT_H 1
| #define HAVE_STDLIB_H 1
| #define HAVE_STRING_H 1
| #define HAVE_MEMORY_H 1
| #define HAVE_STRINGS_H 1
| #define HAVE_INTTYPES_H 1
| #define HAVE_STDINT_H 1
| #define HAVE_UNISTD_H 1
| #define HAVE_STDLIB_H 1
| #define HAVE_UNISTD_H 1
| #define HAVE_SYS_PARAM_H 1
| #define HAVE_GETPAGESIZE 1
| #define HAVE_MMAP 1
| #define HAVE_GMTIME_R 1
| #define HAVE_FSYNC 1
| #define HAVE_DRAND48 1
| #define HAVE_FDATASYNC 1
| #define HAVE_LIBZ 1
| /* end confdefs.h.  */
| ;
| 
| #include <libdeflate.h>
configure:4741: result: no
configure:4750: checking for libdeflate_deflate_compress in -ldeflate
configure:4775: gcc -o conftest  -Wall -g -O2   conftest.c -ldeflate  -lz -lm  >&5
/usr/bin/ld: cannot find -ldeflate
collect2: error: ld returned 1 exit status
configure:4775: $? = 1
configure: failed program was:
| /* confdefs.h */
| #define PACKAGE_NAME "HTSlib"
| #define PACKAGE_TARNAME "htslib"
| #define PACKAGE_VERSION "1.9"
| #define PACKAGE_STRING "HTSlib 1.9"
| #define PACKAGE_BUGREPORT "samtools-help@lists.sourceforge.net"
| #define PACKAGE_URL "http://www.htslib.org/"
| #define HAVE_FSEEKO 1
| #define STDC_HEADERS 1
| #define HAVE_SYS_TYPES_H 1
| #define HAVE_SYS_STAT_H 1
| #define HAVE_STDLIB_H 1
| #define HAVE_STRING_H 1
| #define HAVE_MEMORY_H 1
| #define HAVE_STRINGS_H 1
| #define HAVE_INTTYPES_H 1
| #define HAVE_STDINT_H 1
| #define HAVE_UNISTD_H 1
| #define HAVE_STDLIB_H 1
| #define HAVE_UNISTD_H 1
| #define HAVE_SYS_PARAM_H 1
| #define HAVE_GETPAGESIZE 1
| #define HAVE_MMAP 1
| #define HAVE_GMTIME_R 1
| #define HAVE_FSYNC 1
| #define HAVE_DRAND48 1
| #define HAVE_FDATASYNC 1
| #define HAVE_LIBZ 1
| /* end confdefs.h.  */
| 
| /* Override any GCC internal prototype to avoid an error.
|    Use char because int might match the return type of a GCC
|    builtin and then its argument prototype would still apply.  */
| #ifdef __cplusplus
| extern "C"
| #endif
| char libdeflate_deflate_compress ();
| int
| main ()
| {
| return libdeflate_deflate_compress ();
|   ;
|   return 0;
| }
configure:4784: result: no
configure:4826: checking for curl_easy_pause in -lcurl
configure:4851: gcc -o conftest  -Wall -g -O2   conftest.c -lcurl  -lz -lm  >&5
configure:4851: $? = 0
configure:4860: result: yes
configure:4991: checking for CCHmac
configure:4991: gcc -o conftest  -Wall -g -O2   conftest.c -lz -lm  >&5
/tmp/ccgOWFET.o: In function `main':
/home/splichte/cyvcf2/htslib/conftest.c:66: undefined reference to `CCHmac'
collect2: error: ld returned 1 exit status
configure:4991: $? = 1
configure: failed program was:
| /* confdefs.h */
| #define PACKAGE_NAME "HTSlib"
| #define PACKAGE_TARNAME "htslib"
| #define PACKAGE_VERSION "1.9"
| #define PACKAGE_STRING "HTSlib 1.9"
| #define PACKAGE_BUGREPORT "samtools-help@lists.sourceforge.net"
| #define PACKAGE_URL "http://www.htslib.org/"
| #define HAVE_FSEEKO 1
| #define STDC_HEADERS 1
| #define HAVE_SYS_TYPES_H 1
| #define HAVE_SYS_STAT_H 1
| #define HAVE_STDLIB_H 1
| #define HAVE_STRING_H 1
| #define HAVE_MEMORY_H 1
| #define HAVE_STRINGS_H 1
| #define HAVE_INTTYPES_H 1
| #define HAVE_STDINT_H 1
| #define HAVE_UNISTD_H 1
| #define HAVE_STDLIB_H 1
| #define HAVE_UNISTD_H 1
| #define HAVE_SYS_PARAM_H 1
| #define HAVE_GETPAGESIZE 1
| #define HAVE_MMAP 1
| #define HAVE_GMTIME_R 1
| #define HAVE_FSYNC 1
| #define HAVE_DRAND48 1
| #define HAVE_FDATASYNC 1
| #define HAVE_LIBZ 1
| #define HAVE_LIBCURL 1
| #define ENABLE_GCS 1
| /* end confdefs.h.  */
| /* Define CCHmac to an innocuous variant, in case <limits.h> declares CCHmac.
|    For example, HP-UX 11i <limits.h> declares gettimeofday.  */
| #define CCHmac innocuous_CCHmac
| 
| /* System header to define __stub macros and hopefully few prototypes,
|     which can conflict with char CCHmac (); below.
|     Prefer <limits.h> to <assert.h> if __STDC__ is defined, since
|     <limits.h> exists even on freestanding compilers.  */
| 
| #ifdef __STDC__
| # include <limits.h>
| #else
| # include <assert.h>
| #endif
| 
| #undef CCHmac
| 
| /* Override any GCC internal prototype to avoid an error.
|    Use char because int might match the return type of a GCC
|    builtin and then its argument prototype would still apply.  */
| #ifdef __cplusplus
| extern "C"
| #endif
| char CCHmac ();
| /* The GNU C library defines this for functions which it implements
|     to always fail with ENOSYS.  Some functions are actually named
|     something starting with __ and the normal name is an alias.  */
| #if defined __stub_CCHmac || defined __stub___CCHmac
| choke me
| #endif
| 
| int
| main ()
| {
| return CCHmac ();
|   ;
|   return 0;
| }
configure:4991: result: no
configure:4998: checking for library containing HMAC
configure:5029: gcc -o conftest  -Wall -g -O2   conftest.c -lz -lm  >&5
/tmp/ccKKlsQZ.o: In function `main':
/home/splichte/cyvcf2/htslib/conftest.c:43: undefined reference to `HMAC'
collect2: error: ld returned 1 exit status
configure:5029: $? = 1
configure: failed program was:
| /* confdefs.h */
| #define PACKAGE_NAME "HTSlib"
| #define PACKAGE_TARNAME "htslib"
| #define PACKAGE_VERSION "1.9"
| #define PACKAGE_STRING "HTSlib 1.9"
| #define PACKAGE_BUGREPORT "samtools-help@lists.sourceforge.net"
| #define PACKAGE_URL "http://www.htslib.org/"
| #define HAVE_FSEEKO 1
| #define STDC_HEADERS 1
| #define HAVE_SYS_TYPES_H 1
| #define HAVE_SYS_STAT_H 1
| #define HAVE_STDLIB_H 1
| #define HAVE_STRING_H 1
| #define HAVE_MEMORY_H 1
| #define HAVE_STRINGS_H 1
| #define HAVE_INTTYPES_H 1
| #define HAVE_STDINT_H 1
| #define HAVE_UNISTD_H 1
| #define HAVE_STDLIB_H 1
| #define HAVE_UNISTD_H 1
| #define HAVE_SYS_PARAM_H 1
| #define HAVE_GETPAGESIZE 1
| #define HAVE_MMAP 1
| #define HAVE_GMTIME_R 1
| #define HAVE_FSYNC 1
| #define HAVE_DRAND48 1
| #define HAVE_FDATASYNC 1
| #define HAVE_LIBZ 1
| #define HAVE_LIBCURL 1
| #define ENABLE_GCS 1
| /* end confdefs.h.  */
| 
| /* Override any GCC internal prototype to avoid an error.
|    Use char because int might match the return type of a GCC
|    builtin and then its argument prototype would still apply.  */
| #ifdef __cplusplus
| extern "C"
| #endif
| char HMAC ();
| int
| main ()
| {
| return HMAC ();
|   ;
|   return 0;
| }
configure:5029: gcc -o conftest  -Wall -g -O2   conftest.c -lcrypto  -lz -lm  >&5
configure:5029: $? = 0
configure:5046: result: -lcrypto
configure:5088: checking whether PTHREAD_MUTEX_RECURSIVE is declared
configure:5088: gcc -c  -Wall -g -O2  conftest.c >&5
configure:5088: $? = 0
configure:5088: result: yes
configure:5233: creating ./config.status

## ---------------------- ##
## Running config.status. ##
## ---------------------- ##

This file was extended by HTSlib config.status 1.9, which was
generated by GNU Autoconf 2.69.  Invocation command line was

  CONFIG_FILES    = 
  CONFIG_HEADERS  = 
  CONFIG_LINKS    = 
  CONFIG_COMMANDS = 
  $ ./config.status 

on ip-172-31-57-226

config.status:829: creating config.mk
config.status:829: creating htslib.pc.tmp
config.status:829: creating config.h

## ---------------- ##
## Cache variables. ##
## ---------------- ##

ac_cv_c_compiler_gnu=yes
ac_cv_env_CC_set=
ac_cv_env_CC_value=
ac_cv_env_CFLAGS_set=
ac_cv_env_CFLAGS_value=
ac_cv_env_CPPFLAGS_set=
ac_cv_env_CPPFLAGS_value=
ac_cv_env_CPP_set=
ac_cv_env_CPP_value=
ac_cv_env_LDFLAGS_set=
ac_cv_env_LDFLAGS_value=
ac_cv_env_LIBS_set=
ac_cv_env_LIBS_value=
ac_cv_env_build_alias_set=
ac_cv_env_build_alias_value=
ac_cv_env_host_alias_set=
ac_cv_env_host_alias_value=
ac_cv_env_target_alias_set=
ac_cv_env_target_alias_value=
ac_cv_func_CCHmac=no
ac_cv_func_drand48=yes
ac_cv_func_fdatasync=yes
ac_cv_func_fsync=yes
ac_cv_func_getpagesize=yes
ac_cv_func_gmtime_r=yes
ac_cv_func_mmap_fixed_mapped=yes
ac_cv_have_decl_PTHREAD_MUTEX_RECURSIVE=yes
ac_cv_have_decl_fdatasync_int_=yes
ac_cv_header_inttypes_h=yes
ac_cv_header_libdeflate_h=no
ac_cv_header_memory_h=yes
ac_cv_header_stdc=yes
ac_cv_header_stdint_h=yes
ac_cv_header_stdlib_h=yes
ac_cv_header_string_h=yes
ac_cv_header_strings_h=yes
ac_cv_header_sys_param_h=yes
ac_cv_header_sys_stat_h=yes
ac_cv_header_sys_types_h=yes
ac_cv_header_unistd_h=yes
ac_cv_header_zlib_h=yes
ac_cv_lib_curl_curl_easy_pause=yes
ac_cv_lib_deflate_libdeflate_deflate_compress=no
ac_cv_lib_z_inflate=yes
ac_cv_objext=o
ac_cv_path_EGREP='/bin/grep -E'
ac_cv_path_GREP=/bin/grep
ac_cv_prog_CPP='gcc -E'
ac_cv_prog_ac_ct_CC=gcc
ac_cv_prog_ac_ct_RANLIB=ranlib
ac_cv_prog_cc_c89=
ac_cv_prog_cc_g=yes
ac_cv_search_HMAC=-lcrypto
ac_cv_search_log=-lm
ac_cv_search_recv='none required'
ac_cv_sys_file_offset_bits=no
ac_cv_sys_largefile_CC=no
ac_cv_sys_largefile_source=no
hts_cv_prog_cc_warnings=-Wall

## ----------------- ##
## Output variables. ##
## ----------------- ##

CC='gcc'
CFLAGS=' -Wall -g -O2'
CPP='gcc -E'
CPPFLAGS=''
CRYPTO_LIBS='-lcrypto'
DEFS='-DHAVE_CONFIG_H'
ECHO_C=''
ECHO_N='-n'
ECHO_T=''
EGREP='/bin/grep -E'
EXEEXT=''
GREP='/bin/grep'
LDFLAGS=''
LIBOBJS=''
LIBS='-lz -lm '
LTLIBOBJS=''
OBJEXT='o'
PACKAGE_BUGREPORT='samtools-help@lists.sourceforge.net'
PACKAGE_NAME='HTSlib'
PACKAGE_STRING='HTSlib 1.9'
PACKAGE_TARNAME='htslib'
PACKAGE_URL='http://www.htslib.org/'
PACKAGE_VERSION='1.9'
PATH_SEPARATOR=':'
PLATFORM='default'
PLUGIN_EXT='.so'
RANLIB='ranlib'
SHELL='/bin/bash'
ac_ct_CC='gcc'
bindir='${exec_prefix}/bin'
build_alias=''
datadir='${datarootdir}'
datarootdir='${prefix}/share'
docdir='${datarootdir}/doc/${PACKAGE_TARNAME}'
dvidir='${docdir}'
enable_plugins='no'
exec_prefix='${prefix}'
gcs='enabled'
host_alias='unknown-Linux'
htmldir='${docdir}'
includedir='${prefix}/include'
infodir='${datarootdir}/info'
libcurl='enabled'
libdir='${exec_prefix}/lib'
libexecdir='${exec_prefix}/libexec'
localedir='${datarootdir}/locale'
localstatedir='${prefix}/var'
mandir='${datarootdir}/man'
oldincludedir='/usr/include'
pc_requires=''
pdfdir='${docdir}'
plugindir='$(libexecdir)/htslib'
pluginpath='$(libexecdir)/htslib'
prefix='/usr/local'
private_LIBS=''
program_transform_name='s,x,x,'
psdir='${docdir}'
runstatedir='${localstatedir}/run'
s3='enabled'
sbindir='${exec_prefix}/sbin'
sharedstatedir='${prefix}/com'
static_LDFLAGS=''
static_LIBS='-lpthread -lz -lm -lcurl -lcrypto'
sysconfdir='${prefix}/etc'
target_alias=''

## ----------- ##
## confdefs.h. ##
## ----------- ##

/* confdefs.h */
#define PACKAGE_NAME "HTSlib"
#define PACKAGE_TARNAME "htslib"
#define PACKAGE_VERSION "1.9"
#define PACKAGE_STRING "HTSlib 1.9"
#define PACKAGE_BUGREPORT "samtools-help@lists.sourceforge.net"
#define PACKAGE_URL "http://www.htslib.org/"
#define HAVE_FSEEKO 1
#define STDC_HEADERS 1
#define HAVE_SYS_TYPES_H 1
#define HAVE_SYS_STAT_H 1
#define HAVE_STDLIB_H 1
#define HAVE_STRING_H 1
#define HAVE_MEMORY_H 1
#define HAVE_STRINGS_H 1
#define HAVE_INTTYPES_H 1
#define HAVE_STDINT_H 1
#define HAVE_UNISTD_H 1
#define HAVE_STDLIB_H 1
#define HAVE_UNISTD_H 1
#define HAVE_SYS_PARAM_H 1
#define HAVE_GETPAGESIZE 1
#define HAVE_MMAP 1
#define HAVE_GMTIME_R 1
#define HAVE_FSYNC 1
#define HAVE_DRAND48 1
#define HAVE_FDATASYNC 1
#define HAVE_LIBZ 1
#define HAVE_LIBCURL 1
#define ENABLE_GCS 1
#define HAVE_HMAC 1
#define ENABLE_S3 1

configure: exit 0
